0.000000000000000000e+00
-4.202619194984436035e-03
-7.891878485679626465e-03
-1.106715202331542969e-02
-1.388958096504211426e-02
-1.656331121921539307e-02
-1.908639073371887207e-02
-2.139386534690856934e-02
0.000000000000000000e+00
-9.076893329620361328e-04
-1.721099019050598145e-03
-2.829685807228088379e-03
-3.807678818702697754e-03
-4.561543464660644531e-03
-5.098342895507812500e-03
-5.605161190032958984e-03
0.000000000000000000e+00
-3.543794155120849609e-03
-8.041858673095703125e-03
-1.242989301681518555e-02
-1.568181812763214111e-02
-1.876324415206909180e-02
-2.309202402830123901e-02
-2.667336910963058472e-02
0.000000000000000000e+00
-3.766432404518127441e-03
-7.086768746376037598e-03
-9.792126715183258057e-03
-1.242902874946594238e-02
-1.540689170360565186e-02
-1.821316033601760864e-02
-2.074740082025527954e-02
0.000000000000000000e+00
-1.240000128746032715e-04
-9.625181555747985840e-04
-1.513212919235229492e-03
-1.581050455570220947e-03
-1.680709421634674072e-03
-2.194032073020935059e-03
-2.726383507251739502e-03
0.000000000000000000e+00
-1.315608620643615723e-03
-2.999231219291687012e-03
-4.261098802089691162e-03
-5.184508860111236572e-03
-5.891464650630950928e-03
-6.506033241748809814e-03
-6.870642304420471191e-03
0.000000000000000000e+00
-6.701573729515075684e-04
-3.273196518421173096e-03
-6.651788949966430664e-03
-1.021197438240051270e-02
-1.347695291042327881e-02
-1.668082177639007568e-02
-1.927199214696884155e-02
0.000000000000000000e+00
-1.315131783485412598e-03
-4.931151866912841797e-03
-8.358493447303771973e-03
-1.151631772518157959e-02
-1.418142020702362061e-02
-1.663962006568908691e-02
-1.881231367588043213e-02
0.000000000000000000e+00
-1.011662185192108154e-03
-2.775043249130249023e-03
-4.634000360965728760e-03
-5.787424743175506592e-03
-7.005311548709869385e-03
-8.997112512588500977e-03
-1.089973002672195435e-02
0.000000000000000000e+00
-1.693323254585266113e-03
-4.165165126323699951e-03
-6.391726434230804443e-03
-8.571758866310119629e-03
-1.081294566392898560e-02
-1.287246495485305786e-02
-1.477391272783279419e-02
0.000000000000000000e+00
-2.611830830574035645e-03
-6.584420800209045410e-03
-9.498804807662963867e-03
-1.226696372032165527e-02
-1.543694734573364258e-02
-1.824235916137695312e-02
-2.050718665122985840e-02
0.000000000000000000e+00
-9.953677654266357422e-04
-2.869263291358947754e-03
-5.172565579414367676e-03
-8.063912391662597656e-03
-1.065050065517425537e-02
-1.327639818191528320e-02
-1.563832163810729980e-02
0.000000000000000000e+00
1.091435551643371582e-04
-5.422085523605346680e-04
-2.249330282211303711e-03
-4.683084785938262939e-03
-6.918139755725860596e-03
-9.124703705310821533e-03
-1.134638488292694092e-02
0.000000000000000000e+00
1.701191067695617676e-03
-2.061873674392700195e-03
-5.642756819725036621e-03
-8.619144558906555176e-03
-1.186305284500122070e-02
-1.513640582561492920e-02
-1.806849241256713867e-02
0.000000000000000000e+00
-7.390528917312622070e-04
-1.702800393104553223e-03
-2.575851976871490479e-03
-3.228060901165008545e-03
-3.950022161006927490e-03
-4.810109734535217285e-03
-5.537554621696472168e-03
0.000000000000000000e+00
1.373216509819030762e-04
-3.876164555549621582e-04
-1.048613339662551880e-03
-1.515083014965057373e-03
-1.758117228746414185e-03
-2.560272812843322754e-03
-3.125272691249847412e-03
0.000000000000000000e+00
-6.311431527137756348e-03
-1.308818161487579346e-02
-1.771580427885055542e-02
-2.126873284578323364e-02
-2.572412788867950439e-02
-2.991684526205062866e-02
-3.294230252504348755e-02
0.000000000000000000e+00
-4.210725426673889160e-03
-1.114298403263092041e-02
-1.728685945272445679e-02
-2.269367128610610962e-02
-2.726431936025619507e-02
-3.102280199527740479e-02
-3.486301749944686890e-02
0.000000000000000000e+00
-4.794366657733917236e-03
-9.103387594223022461e-03
-1.315548270940780640e-02
-1.649124920368194580e-02
-1.899082213640213013e-02
-2.158217877149581909e-02
-2.411647140979766846e-02
0.000000000000000000e+00
-2.589821815490722656e-03
-4.941076040267944336e-03
-7.042095065116882324e-03
-9.775638580322265625e-03
-1.209904998540878296e-02
-1.414803415536880493e-02
-1.617321372032165527e-02
0.000000000000000000e+00
-2.317920327186584473e-03
-6.709098815917968750e-03
-9.697496891021728516e-03
-1.236089318990707397e-02
-1.510025560855865479e-02
-1.742592453956604004e-02
-1.967354118824005127e-02
0.000000000000000000e+00
-4.998147487640380859e-04
-1.144483685493469238e-03
-1.769371330738067627e-03
-2.297267317771911621e-03
-2.848491072654724121e-03
-3.320947289466857910e-03
-3.650061786174774170e-03
