0.000000000000000000e+00
-3.997758030891418457e-03
-7.433354854583740234e-03
-1.044285297393798828e-02
-1.311723887920379639e-02
-1.577116549015045166e-02
-1.836884021759033203e-02
-2.068237960338592529e-02
0.000000000000000000e+00
-1.054994761943817139e-03
-2.167798578739166260e-03
-3.743231296539306641e-03
-4.890374839305877686e-03
-5.542665719985961914e-03
-6.006672978401184082e-03
-6.488271057605743408e-03
0.000000000000000000e+00
-4.611499607563018799e-03
-8.379600942134857178e-03
-1.181197166442871094e-02
-1.418540626764297485e-02
-1.676231622695922852e-02
-2.020910382270812988e-02
-2.261471748352050781e-02
0.000000000000000000e+00
-5.216225981712341309e-03
-9.712457656860351562e-03
-1.314246654510498047e-02
-1.654540747404098511e-02
-2.017263323068618774e-02
-2.328572422266006470e-02
-2.608680725097656250e-02
0.000000000000000000e+00
-1.805126667022705078e-04
-1.207374036312103271e-03
-1.878321170806884766e-03
-2.142824232578277588e-03
-2.157494425773620605e-03
-2.339184284210205078e-03
-2.574332058429718018e-03
0.000000000000000000e+00
-1.108288764953613281e-03
-2.219371497631072998e-03
-3.158733248710632324e-03
-3.958292305469512939e-03
-5.153894424438476562e-03
-6.312437355518341064e-03
-6.673000752925872803e-03
0.000000000000000000e+00
-2.450421452522277832e-04
-2.337522804737091064e-03
-4.972271621227264404e-03
-7.843241095542907715e-03
-1.059684157371520996e-02
-1.274778693914413452e-02
-1.451817154884338379e-02
0.000000000000000000e+00
-3.570467233657836914e-04
-3.848239779472351074e-03
-7.425889372825622559e-03
-1.078487932682037354e-02
-1.354512572288513184e-02
-1.594066619873046875e-02
-1.811066269874572754e-02
0.000000000000000000e+00
-9.342208504676818848e-04
-2.342157065868377686e-03
-3.418892621994018555e-03
-3.991216421127319336e-03
-4.716001451015472412e-03
-5.714520812034606934e-03
-6.481342017650604248e-03
0.000000000000000000e+00
-3.790482878684997559e-04
-1.254588365554809570e-03
-2.005621790885925293e-03
-2.543903887271881104e-03
-3.101788461208343506e-03
-3.583952784538269043e-03
-3.904506564140319824e-03
0.000000000000000000e+00
-2.017647027969360352e-03
-5.901202559471130371e-03
-8.299991488456726074e-03
-1.098315417766571045e-02
-1.426881551742553711e-02
-1.695984601974487305e-02
-1.905845105648040771e-02
0.000000000000000000e+00
-1.791119575500488281e-03
-4.465162754058837891e-03
-6.913036108016967773e-03
-9.974040091037750244e-03
-1.303330808877944946e-02
-1.590688526630401611e-02
-1.765469461679458618e-02
0.000000000000000000e+00
5.631893873214721680e-05
-3.967210650444030762e-04
-1.697897911071777344e-03
-3.244102001190185547e-03
-4.552222788333892822e-03
-5.550801753997802734e-03
-6.502129137516021729e-03
0.000000000000000000e+00
1.738145947456359863e-03
-2.325683832168579102e-03
-6.441667675971984863e-03
-9.601354598999023438e-03
-1.300521194934844971e-02
-1.647055149078369141e-02
-1.958248019218444824e-02
0.000000000000000000e+00
-6.303787231445312500e-04
-1.364290714263916016e-03
-2.287261188030242920e-03
-2.807669341564178467e-03
-3.227941691875457764e-03
-3.860145807266235352e-03
-4.248850047588348389e-03
0.000000000000000000e+00
-3.009289503097534180e-05
-7.164180278778076172e-04
-1.428589224815368652e-03
-2.007499337196350098e-03
-2.530500292778015137e-03
-3.332085907459259033e-03
-3.606304526329040527e-03
0.000000000000000000e+00
-7.672339677810668945e-03
-1.660665869712829590e-02
-2.230882644653320312e-02
-2.655827999114990234e-02
-3.226532787084579468e-02
-3.749665617942810059e-02
-4.121480137109756470e-02
0.000000000000000000e+00
-1.142227649688720703e-02
-2.674609422683715820e-02
-4.028654098510742188e-02
-5.129580199718475342e-02
-6.049573421478271484e-02
-6.779932975769042969e-02
-7.455956935882568359e-02
0.000000000000000000e+00
-5.904562771320343018e-03
-9.643010795116424561e-03
-1.304657012224197388e-02
-1.624894887208938599e-02
-1.829453557729721069e-02
-2.004098892211914062e-02
-2.166924625635147095e-02
0.000000000000000000e+00
-2.012006938457489014e-03
-3.854736685752868652e-03
-5.613192915916442871e-03
-7.399104535579681396e-03
-8.687689900398254395e-03
-9.679265320301055908e-03
-1.057269424200057983e-02
0.000000000000000000e+00
-3.116995096206665039e-03
-8.613094687461853027e-03
-1.195989549160003662e-02
-1.495650410652160645e-02
-1.791997253894805908e-02
-2.044929563999176025e-02
-2.294319123029708862e-02
0.000000000000000000e+00
-3.804862499237060547e-04
-9.894669055938720703e-04
-1.970931887626647949e-03
-3.050252795219421387e-03
-3.872938454151153564e-03
-4.485853016376495361e-03
-4.669375717639923096e-03
