0.000000000000000000e+00
-4.527777777777908241e-03
-9.340277777777766799e-03
-1.381250000000022737e-02
-1.812586805555566061e-02
-2.239670138888891215e-02
-2.661241319444425379e-02
-3.105642361111123073e-02
0.000000000000000000e+00
-1.727430555555561908e-03
-3.686197916666689167e-03
-5.890190972222306143e-03
-7.849392361111220962e-03
-9.515190972222448140e-03
-1.089149305555567326e-02
-1.229557291666664998e-02
0.000000000000000000e+00
-5.798432130584313393e-03
-1.248332796391765642e-02
-1.922811963058429496e-02
-2.557100157502864568e-02
-3.269556754725094772e-02
-4.071770296391763466e-02
-4.839912657502865034e-02
0.000000000000000000e+00
-5.345920138888682338e-03
-1.165972222222215471e-02
-1.737934027777750245e-02
-2.319010416666648922e-02
-2.861892361111079142e-02
-3.353862847222191523e-02
-3.821961805555536273e-02
0.000000000000000000e+00
-2.013888888888933082e-04
-3.133680555555302949e-04
-4.474826388888956952e-04
-5.056423611110930083e-04
-6.692708333333290127e-04
-7.999131944444355657e-04
-9.006076388888978324e-04
0.000000000000000000e+00
-4.305555555554965719e-04
-9.305555555555317104e-04
-1.482638888888873629e-03
-1.883680555555503067e-03
-2.266493055555533764e-03
-2.796440972222195842e-03
-3.117621527777770379e-03
0.000000000000000000e+00
-3.032552083333334147e-03
-5.880642361111097782e-03
-9.024305555555584002e-03
-1.234939236111112781e-02
-1.553993055555559499e-02
-1.816536458333332243e-02
-2.024045138888889983e-02
0.000000000000000000e+00
-1.275607638888703876e-03
-4.424479166666661634e-03
-7.618055555555697245e-03
-1.061241319444436448e-02
-1.374100942460301789e-02
-1.680078125000003531e-02
-1.982595486111130012e-02
0.000000000000000000e+00
-2.791046626984108880e-03
-6.143043154762009572e-03
-9.609809027777777013e-03
-1.290538194444455777e-02
-1.606119791666668628e-02
-1.995486111111102745e-02
-2.362499999999978506e-02
0.000000000000000000e+00
-5.072606646825683629e-03
-1.063132440476188822e-02
-1.617429315476207052e-02
-2.147612847222224453e-02
-2.658494543650789799e-02
-3.143489583333342052e-02
-3.620101686507942729e-02
0.000000000000000000e+00
-2.220052083333368120e-03
-5.560763888888708983e-03
-8.201264880952352510e-03
-1.138696676587269696e-02
-1.555226934523801230e-02
-1.908785962301573491e-02
-2.177145337301572559e-02
0.000000000000000000e+00
-3.758618551587322720e-03
-8.867125496031691423e-03
-1.444828869047637410e-02
-2.084021577380934520e-02
-2.711408730158704206e-02
-3.332738095238066411e-02
-3.946453373015867960e-02
0.000000000000000000e+00
-1.294270833333333037e-03
-3.671440972222328458e-03
-7.754774305555656166e-03
-1.245616319444464715e-02
-1.716536458333361992e-02
-2.196093750000030487e-02
-2.730815972222230825e-02
0.000000000000000000e+00
-5.039062499999635847e-04
-4.863715277777957979e-03
-1.110546874999995826e-02
-1.670095486111128347e-02
-2.262717013888926321e-02
-2.887065972222224719e-02
-3.537543402777798551e-02
0.000000000000000000e+00
-1.855034722222245747e-03
-3.721354166666662744e-03
-5.771267361111137584e-03
-7.691840277777667323e-03
-9.445746527777881818e-03
-1.152430555555547520e-02
-1.340234374999994815e-02
0.000000000000000000e+00
-1.419270833333020898e-04
-2.063802083333496351e-04
-3.183593749999970302e-04
-4.140624999999995004e-04
-5.110677083333022008e-04
-6.523437500000027478e-04
-9.700520833332976212e-04
0.000000000000000000e+00
-7.340153769841650799e-03
-1.567063492063497376e-02
-2.378974454365065383e-02
-3.136638144841263909e-02
-3.978726438492097284e-02
-4.838467261904777494e-02
-5.674503968253978570e-02
0.000000000000000000e+00
-8.060639880952624736e-03
-1.941214037698463235e-02
-3.079730902777808033e-02
-4.248933531746047765e-02
-5.376147073412727850e-02
-6.423425099206361844e-02
-7.429854910714310534e-02
0.000000000000000000e+00
-1.632440476190467893e-03
-3.053013392857129027e-03
-4.184895833333333870e-03
-5.385292658730167492e-03
-6.542038690476197071e-03
-7.413442460317470895e-03
-8.017175099206332034e-03
0.000000000000000000e+00
-7.365451388888846762e-04
-1.271825396825423948e-03
-1.723090277777762636e-03
-2.158048115079365392e-03
-2.685081845238100617e-03
-3.099330357142895953e-03
-3.334883432539667569e-03
0.000000000000000000e+00
-7.139880952380897594e-03
-1.357037450396815503e-02
-1.877176339285709095e-02
-2.321434771825393872e-02
-2.724324156746026071e-02
-3.093607390873012036e-02
-3.422116815476185236e-02
0.000000000000000000e+00
-4.321676587301717665e-04
-5.979662698412935296e-04
-9.474826388889343032e-04
-1.339037698412703925e-03
-1.505456349206374389e-03
-1.709449404761895913e-03
-1.972966269841298220e-03
