findfont: Font family ['sans-serif'] not found. Falling back to DejaVu Sans.
findfont: Font family ['sans-serif'] not found. Falling back to DejaVu Sans.
/srv/ccrc/data25/z5218916/cable/EucFACE/EucFACE_run/doc/scripts/plot_eucface_waterbal.py:108: SettingWithCopyWarning: 
A value is trying to be set on a copy of a slice from a DataFrame

See the caveats in the documentation: http://pandas.pydata.org/pandas-docs/stable/user_guide/indexing.html#returning-a-view-versus-a-copy
  df_def['Year'][i] = df_def.index[i][0:4]
/srv/ccrc/data25/z5218916/cable/EucFACE/EucFACE_run/doc/scripts/plot_eucface_waterbal.py:109: SettingWithCopyWarning: 
A value is trying to be set on a copy of a slice from a DataFrame

See the caveats in the documentation: http://pandas.pydata.org/pandas-docs/stable/user_guide/indexing.html#returning-a-view-versus-a-copy
  df_best['Year'][i] = df_best.index[i][0:4]
/srv/ccrc/data25/z5218916/cable/EucFACE/EucFACE_run/doc/scripts/plot_eucface_waterbal.py:111: SettingWithCopyWarning: 
A value is trying to be set on a copy of a slice from a DataFrame

See the caveats in the documentation: http://pandas.pydata.org/pandas-docs/stable/user_guide/indexing.html#returning-a-view-versus-a-copy
  df_def['Season'][i] = 1
/srv/ccrc/data25/z5218916/cable/EucFACE/EucFACE_run/doc/scripts/plot_eucface_waterbal.py:112: SettingWithCopyWarning: 
A value is trying to be set on a copy of a slice from a DataFrame

See the caveats in the documentation: http://pandas.pydata.org/pandas-docs/stable/user_guide/indexing.html#returning-a-view-versus-a-copy
  df_best['Season'][i] = 1
/srv/ccrc/data25/z5218916/cable/EucFACE/EucFACE_run/doc/scripts/plot_eucface_waterbal.py:114: SettingWithCopyWarning: 
A value is trying to be set on a copy of a slice from a DataFrame

See the caveats in the documentation: http://pandas.pydata.org/pandas-docs/stable/user_guide/indexing.html#returning-a-view-versus-a-copy
  df_def['Season'][i] = 2
/srv/ccrc/data25/z5218916/cable/EucFACE/EucFACE_run/doc/scripts/plot_eucface_waterbal.py:115: SettingWithCopyWarning: 
A value is trying to be set on a copy of a slice from a DataFrame

See the caveats in the documentation: http://pandas.pydata.org/pandas-docs/stable/user_guide/indexing.html#returning-a-view-versus-a-copy
  df_best['Season'][i] = 2
/srv/ccrc/data25/z5218916/cable/EucFACE/EucFACE_run/doc/scripts/plot_eucface_waterbal.py:117: SettingWithCopyWarning: 
A value is trying to be set on a copy of a slice from a DataFrame

See the caveats in the documentation: http://pandas.pydata.org/pandas-docs/stable/user_guide/indexing.html#returning-a-view-versus-a-copy
  df_def['Season'][i] = 3
/srv/ccrc/data25/z5218916/cable/EucFACE/EucFACE_run/doc/scripts/plot_eucface_waterbal.py:118: SettingWithCopyWarning: 
A value is trying to be set on a copy of a slice from a DataFrame

See the caveats in the documentation: http://pandas.pydata.org/pandas-docs/stable/user_guide/indexing.html#returning-a-view-versus-a-copy
  df_best['Season'][i] = 3
/srv/ccrc/data25/z5218916/cable/EucFACE/EucFACE_run/doc/scripts/plot_eucface_waterbal.py:120: SettingWithCopyWarning: 
A value is trying to be set on a copy of a slice from a DataFrame

See the caveats in the documentation: http://pandas.pydata.org/pandas-docs/stable/user_guide/indexing.html#returning-a-view-versus-a-copy
  df_def['Season'][i] = 4
/srv/ccrc/data25/z5218916/cable/EucFACE/EucFACE_run/doc/scripts/plot_eucface_waterbal.py:121: SettingWithCopyWarning: 
A value is trying to be set on a copy of a slice from a DataFrame

See the caveats in the documentation: http://pandas.pydata.org/pandas-docs/stable/user_guide/indexing.html#returning-a-view-versus-a-copy
  df_best['Season'][i] = 4
/srv/ccrc/data25/z5218916/cable/EucFACE/EucFACE_run/doc/scripts/plot_eucface_waterbal.py:123: SettingWithCopyWarning: 
A value is trying to be set on a copy of a slice from a DataFrame

See the caveats in the documentation: http://pandas.pydata.org/pandas-docs/stable/user_guide/indexing.html#returning-a-view-versus-a-copy
  df_def['Year'][0:-1] = df_def['Year'][1:]
/srv/ccrc/data25/z5218916/cable/EucFACE/EucFACE_run/doc/scripts/plot_eucface_waterbal.py:124: SettingWithCopyWarning: 
A value is trying to be set on a copy of a slice from a DataFrame

See the caveats in the documentation: http://pandas.pydata.org/pandas-docs/stable/user_guide/indexing.html#returning-a-view-versus-a-copy
  df_best['Year'][0:-1] = df_best['Year'][1:]
/srv/ccrc/data25/z5218916/cable/EucFACE/EucFACE_run/doc/scripts/plot_eucface_waterbal.py:175: SettingWithCopyWarning: 
A value is trying to be set on a copy of a slice from a DataFrame

See the caveats in the documentation: http://pandas.pydata.org/pandas-docs/stable/user_guide/indexing.html#returning-a-view-versus-a-copy
  df_def['soil_storage_chg'][a] = df_SM_mth_laststep_def.iloc[b] - df_SM_mth_laststep_def.iloc[c]
/srv/ccrc/data25/z5218916/cable/EucFACE/EucFACE_run/doc/scripts/plot_eucface_waterbal.py:176: SettingWithCopyWarning: 
A value is trying to be set on a copy of a slice from a DataFrame

See the caveats in the documentation: http://pandas.pydata.org/pandas-docs/stable/user_guide/indexing.html#returning-a-view-versus-a-copy
  df_best['soil_storage_chg'][a] = df_SM_mth_laststep_best.iloc[b] - df_SM_mth_laststep_best.iloc[c]
['2012-04-30T00:00:00.000000000' '2012-05-14T00:00:00.000000000'
 '2012-05-24T00:00:00.000000000' '2012-05-28T00:00:00.000000000'
 '2012-06-12T00:00:00.000000000' '2012-06-26T00:00:00.000000000'
 '2012-07-10T00:00:00.000000000' '2012-07-24T00:00:00.000000000'
 '2012-08-07T00:00:00.000000000' '2012-08-21T00:00:00.000000000'
 '2012-09-04T00:00:00.000000000' '2012-09-18T00:00:00.000000000'
 '2012-09-21T00:00:00.000000000' '2012-10-09T00:00:00.000000000'
 '2012-10-15T00:00:00.000000000' '2012-10-30T00:00:00.000000000'
 '2012-11-13T00:00:00.000000000' '2012-11-27T00:00:00.000000000'
 '2012-12-11T00:00:00.000000000' '2012-12-24T00:00:00.000000000'
 '2013-01-08T00:00:00.000000000' '2013-02-14T00:00:00.000000000'
 '2013-02-27T00:00:00.000000000' '2013-03-13T00:00:00.000000000'
 '2013-03-27T00:00:00.000000000' '2013-04-10T00:00:00.000000000'
 '2013-04-29T00:00:00.000000000' '2013-05-21T00:00:00.000000000'
 '2013-05-27T00:00:00.000000000' '2013-06-04T00:00:00.000000000'
 '2013-06-27T00:00:00.000000000' '2013-07-22T00:00:00.000000000'
 '2013-08-21T00:00:00.000000000' '2013-09-18T00:00:00.000000000'
 '2013-10-14T00:00:00.000000000' '2013-11-01T00:00:00.000000000'
 '2013-11-13T00:00:00.000000000' '2013-11-20T00:00:00.000000000'
 '2013-12-18T00:00:00.000000000' '2014-01-16T00:00:00.000000000'
 '2014-02-13T00:00:00.000000000' '2014-02-20T00:00:00.000000000'
 '2014-03-20T00:00:00.000000000' '2014-03-31T00:00:00.000000000'
 '2014-04-22T00:00:00.000000000' '2014-05-12T00:00:00.000000000'
 '2014-06-02T00:00:00.000000000' '2014-06-24T00:00:00.000000000'
 '2014-07-14T00:00:00.000000000' '2014-08-05T00:00:00.000000000'
 '2014-08-20T00:00:00.000000000' '2014-09-01T00:00:00.000000000'
 '2014-10-02T00:00:00.000000000' '2014-10-16T00:00:00.000000000'
 '2014-11-10T00:00:00.000000000' '2014-12-01T00:00:00.000000000'
 '2014-12-10T00:00:00.000000000' '2015-01-05T00:00:00.000000000'
 '2015-01-15T00:00:00.000000000' '2015-01-29T00:00:00.000000000'
 '2015-02-25T00:00:00.000000000' '2015-03-16T00:00:00.000000000'
 '2015-04-07T00:00:00.000000000' '2015-04-29T00:00:00.000000000'
 '2015-05-28T00:00:00.000000000' '2015-06-22T00:00:00.000000000'
 '2015-07-27T00:00:00.000000000' '2015-08-28T00:00:00.000000000'
 '2015-09-29T00:00:00.000000000' '2015-11-10T00:00:00.000000000'
 '2015-11-17T00:00:00.000000000' '2015-12-17T00:00:00.000000000'
 '2016-01-08T00:00:00.000000000' '2016-01-18T00:00:00.000000000'
 '2016-01-27T00:00:00.000000000' '2016-02-22T00:00:00.000000000'
 '2016-05-06T00:00:00.000000000' '2016-06-08T00:00:00.000000000'
 '2016-06-21T00:00:00.000000000' '2016-06-30T00:00:00.000000000'
 '2016-07-26T00:00:00.000000000' '2016-08-23T00:00:00.000000000'
 '2016-09-23T00:00:00.000000000' '2016-11-08T00:00:00.000000000'
 '2016-12-12T00:00:00.000000000' '2016-12-20T00:00:00.000000000'
 '2017-03-27T00:00:00.000000000' '2017-05-11T00:00:00.000000000'
 '2017-06-01T00:00:00.000000000' '2017-07-11T00:00:00.000000000'
 '2017-08-09T00:00:00.000000000' '2017-09-19T00:00:00.000000000'
 '2017-11-08T00:00:00.000000000' '2017-12-12T00:00:00.000000000'
 '2018-01-11T00:00:00.000000000' '2018-02-15T00:00:00.000000000'
 '2018-03-01T00:00:00.000000000' '2018-03-26T00:00:00.000000000'
 '2018-05-15T00:00:00.000000000' '2018-06-15T00:00:00.000000000'
 '2018-07-23T00:00:00.000000000' '2018-08-20T00:00:00.000000000'
 '2018-09-18T00:00:00.000000000' '2018-10-15T00:00:00.000000000'
 '2018-11-06T00:00:00.000000000' '2018-12-03T00:00:00.000000000'
 '2019-01-15T00:00:00.000000000' '2019-01-23T00:00:00.000000000'
 '2019-03-05T00:00:00.000000000' '2019-03-20T00:00:00.000000000'
 '2019-04-01T00:00:00.000000000' '2019-05-10T00:00:00.000000000']
[ 25  50  75 100 125 150 200 250 300 350 400 450]
                  VWC
Depth Date           
25    121   24.737464
      135   19.280190
      145   17.116692
      149   21.663821
      164   26.738173
...               ...
450   2580  26.370629
      2621  26.692745
      2636  26.050693
      2648  26.241491
      2687  26.678814

[1344 rows x 1 columns]
[ 121  135  145  149  164  178  192  206  220  234  248  262  265  283
  289  304  318  332  346  359  374  411  424  438  452  466  485  507
  513  521  544  569  599  627  653  671  683  690  718  747  775  782
  810  821  843  863  884  906  926  948  963  975 1006 1020 1045 1066
 1075 1101 1111 1125 1152 1171 1193 1215 1244 1269 1304 1336 1368 1410
 1417 1447 1469 1479 1488 1514 1588 1621 1634 1643 1669 1697 1728 1774
 1808 1816 1913 1958 1979 2019 2048 2089 2139 2173 2203 2238 2252 2277
 2327 2358 2396 2424 2453 2480 2502 2529 2572 2580 2621 2636 2648 2687]
(93, 92)
(93, 92)
0 2012-04-30T00:00:00.000000000
1 2012-05-14T00:00:00.000000000
2 2012-05-24T00:00:00.000000000
3 2012-05-28T00:00:00.000000000
4 2012-06-12T00:00:00.000000000
5 2012-06-26T00:00:00.000000000
6 2012-07-10T00:00:00.000000000
7 2012-07-24T00:00:00.000000000
8 2012-08-07T00:00:00.000000000
9 2012-08-21T00:00:00.000000000
10 2012-09-04T00:00:00.000000000
11 2012-09-18T00:00:00.000000000
12 2012-09-21T00:00:00.000000000
13 2012-10-09T00:00:00.000000000
14 2012-10-15T00:00:00.000000000
15 2012-10-30T00:00:00.000000000
16 2012-11-13T00:00:00.000000000
17 2012-11-27T00:00:00.000000000
18 2012-12-11T00:00:00.000000000
19 2012-12-24T00:00:00.000000000
20 2013-01-08T00:00:00.000000000
21 2013-02-14T00:00:00.000000000
22 2013-02-27T00:00:00.000000000
23 2013-03-13T00:00:00.000000000
24 2013-03-27T00:00:00.000000000
25 2013-04-10T00:00:00.000000000
26 2013-04-29T00:00:00.000000000
27 2013-05-21T00:00:00.000000000
28 2013-05-27T00:00:00.000000000
29 2013-06-04T00:00:00.000000000
30 2013-06-27T00:00:00.000000000
31 2013-07-22T00:00:00.000000000
32 2013-08-21T00:00:00.000000000
33 2013-09-18T00:00:00.000000000
34 2013-10-14T00:00:00.000000000
35 2013-11-01T00:00:00.000000000
36 2013-11-13T00:00:00.000000000
37 2013-11-20T00:00:00.000000000
38 2013-12-18T00:00:00.000000000
39 2014-01-16T00:00:00.000000000
40 2014-02-13T00:00:00.000000000
41 2014-02-20T00:00:00.000000000
42 2014-03-20T00:00:00.000000000
43 2014-03-31T00:00:00.000000000
44 2014-04-22T00:00:00.000000000
45 2014-05-12T00:00:00.000000000
46 2014-06-02T00:00:00.000000000
47 2014-06-24T00:00:00.000000000
48 2014-07-14T00:00:00.000000000
49 2014-08-05T00:00:00.000000000
50 2014-08-20T00:00:00.000000000
51 2014-09-01T00:00:00.000000000
52 2014-10-02T00:00:00.000000000
53 2014-10-16T00:00:00.000000000
54 2014-11-10T00:00:00.000000000
55 2014-12-01T00:00:00.000000000
56 2014-12-10T00:00:00.000000000
57 2015-01-05T00:00:00.000000000
58 2015-01-15T00:00:00.000000000
59 2015-01-29T00:00:00.000000000
60 2015-02-25T00:00:00.000000000
61 2015-03-16T00:00:00.000000000
62 2015-04-07T00:00:00.000000000
63 2015-04-29T00:00:00.000000000
64 2015-05-28T00:00:00.000000000
65 2015-06-22T00:00:00.000000000
66 2015-07-27T00:00:00.000000000
67 2015-08-28T00:00:00.000000000
68 2015-09-29T00:00:00.000000000
69 2015-11-10T00:00:00.000000000
70 2015-11-17T00:00:00.000000000
71 2015-12-17T00:00:00.000000000
72 2016-01-08T00:00:00.000000000
73 2016-01-18T00:00:00.000000000
74 2016-01-27T00:00:00.000000000
75 2016-02-22T00:00:00.000000000
76 2016-05-06T00:00:00.000000000
77 2016-06-08T00:00:00.000000000
78 2016-06-21T00:00:00.000000000
79 2016-06-30T00:00:00.000000000
80 2016-07-26T00:00:00.000000000
81 2016-08-23T00:00:00.000000000
82 2016-09-23T00:00:00.000000000
83 2016-11-08T00:00:00.000000000
84 2016-12-12T00:00:00.000000000
85 2016-12-20T00:00:00.000000000
86 2017-03-27T00:00:00.000000000
87 2017-05-11T00:00:00.000000000
88 2017-06-01T00:00:00.000000000
89 2017-07-11T00:00:00.000000000
90 2017-08-09T00:00:00.000000000
91 2017-09-19T00:00:00.000000000
92 2017-11-08T00:00:00.000000000
93 2017-12-12T00:00:00.000000000
94 2018-01-11T00:00:00.000000000
95 2018-02-15T00:00:00.000000000
96 2018-03-01T00:00:00.000000000
97 2018-03-26T00:00:00.000000000
98 2018-05-15T00:00:00.000000000
99 2018-06-15T00:00:00.000000000
100 2018-07-23T00:00:00.000000000
101 2018-08-20T00:00:00.000000000
102 2018-09-18T00:00:00.000000000
103 2018-10-15T00:00:00.000000000
104 2018-11-06T00:00:00.000000000
105 2018-12-03T00:00:00.000000000
106 2019-01-15T00:00:00.000000000
107 2019-01-23T00:00:00.000000000
108 2019-03-05T00:00:00.000000000
109 2019-03-20T00:00:00.000000000
110 2019-04-01T00:00:00.000000000
111 2019-05-10T00:00:00.000000000
[ 367  368  369 ... 2737 2738 2739]
['2012-04-30T00:00:00.000000000' '2012-05-14T00:00:00.000000000'
 '2012-05-24T00:00:00.000000000' '2012-05-28T00:00:00.000000000'
 '2012-06-12T00:00:00.000000000' '2012-06-26T00:00:00.000000000'
 '2012-07-10T00:00:00.000000000' '2012-07-24T00:00:00.000000000'
 '2012-08-07T00:00:00.000000000' '2012-08-21T00:00:00.000000000'
 '2012-09-04T00:00:00.000000000' '2012-09-18T00:00:00.000000000'
 '2012-09-21T00:00:00.000000000' '2012-10-09T00:00:00.000000000'
 '2012-10-15T00:00:00.000000000' '2012-10-30T00:00:00.000000000'
 '2012-11-13T00:00:00.000000000' '2012-11-27T00:00:00.000000000'
 '2012-12-11T00:00:00.000000000' '2012-12-24T00:00:00.000000000'
 '2013-01-08T00:00:00.000000000' '2013-02-14T00:00:00.000000000'
 '2013-02-27T00:00:00.000000000' '2013-03-13T00:00:00.000000000'
 '2013-03-27T00:00:00.000000000' '2013-04-10T00:00:00.000000000'
 '2013-04-29T00:00:00.000000000' '2013-05-21T00:00:00.000000000'
 '2013-05-27T00:00:00.000000000' '2013-06-04T00:00:00.000000000'
 '2013-06-27T00:00:00.000000000' '2013-07-22T00:00:00.000000000'
 '2013-08-21T00:00:00.000000000' '2013-09-18T00:00:00.000000000'
 '2013-10-14T00:00:00.000000000' '2013-11-01T00:00:00.000000000'
 '2013-11-13T00:00:00.000000000' '2013-11-20T00:00:00.000000000'
 '2013-12-18T00:00:00.000000000' '2014-01-16T00:00:00.000000000'
 '2014-02-13T00:00:00.000000000' '2014-02-20T00:00:00.000000000'
 '2014-03-20T00:00:00.000000000' '2014-03-31T00:00:00.000000000'
 '2014-04-22T00:00:00.000000000' '2014-05-12T00:00:00.000000000'
 '2014-06-02T00:00:00.000000000' '2014-06-24T00:00:00.000000000'
 '2014-07-14T00:00:00.000000000' '2014-08-05T00:00:00.000000000'
 '2014-08-20T00:00:00.000000000' '2014-09-01T00:00:00.000000000'
 '2014-10-02T00:00:00.000000000' '2014-10-16T00:00:00.000000000'
 '2014-11-10T00:00:00.000000000' '2014-12-01T00:00:00.000000000'
 '2014-12-10T00:00:00.000000000' '2015-01-05T00:00:00.000000000'
 '2015-01-15T00:00:00.000000000' '2015-01-29T00:00:00.000000000'
 '2015-02-25T00:00:00.000000000' '2015-03-16T00:00:00.000000000'
 '2015-04-07T00:00:00.000000000' '2015-04-29T00:00:00.000000000'
 '2015-05-28T00:00:00.000000000' '2015-06-22T00:00:00.000000000'
 '2015-07-27T00:00:00.000000000' '2015-08-28T00:00:00.000000000'
 '2015-09-29T00:00:00.000000000' '2015-11-10T00:00:00.000000000'
 '2015-11-17T00:00:00.000000000' '2015-12-17T00:00:00.000000000'
 '2016-01-08T00:00:00.000000000' '2016-01-18T00:00:00.000000000'
 '2016-01-27T00:00:00.000000000' '2016-02-22T00:00:00.000000000'
 '2016-05-06T00:00:00.000000000' '2016-06-08T00:00:00.000000000'
 '2016-06-21T00:00:00.000000000' '2016-06-30T00:00:00.000000000'
 '2016-07-26T00:00:00.000000000' '2016-08-23T00:00:00.000000000'
 '2016-09-23T00:00:00.000000000' '2016-11-08T00:00:00.000000000'
 '2016-12-12T00:00:00.000000000' '2016-12-20T00:00:00.000000000'
 '2017-03-27T00:00:00.000000000' '2017-05-11T00:00:00.000000000'
 '2017-06-01T00:00:00.000000000' '2017-07-11T00:00:00.000000000'
 '2017-08-09T00:00:00.000000000' '2017-09-19T00:00:00.000000000'
 '2017-11-08T00:00:00.000000000' '2017-12-12T00:00:00.000000000'
 '2018-01-11T00:00:00.000000000' '2018-02-15T00:00:00.000000000'
 '2018-03-01T00:00:00.000000000' '2018-03-26T00:00:00.000000000'
 '2018-05-15T00:00:00.000000000' '2018-06-15T00:00:00.000000000'
 '2018-07-23T00:00:00.000000000' '2018-08-20T00:00:00.000000000'
 '2018-09-18T00:00:00.000000000' '2018-10-15T00:00:00.000000000'
 '2018-11-06T00:00:00.000000000' '2018-12-03T00:00:00.000000000'
 '2019-01-15T00:00:00.000000000' '2019-01-23T00:00:00.000000000'
 '2019-03-05T00:00:00.000000000' '2019-03-20T00:00:00.000000000'
 '2019-04-01T00:00:00.000000000' '2019-05-10T00:00:00.000000000']
[ 25  50  75 100 125 150 200 250 300 350 400 450]
                  VWC
Depth Date           
25    121   24.737464
      135   19.280190
      145   17.116692
      149   21.663821
      164   26.738173
...               ...
450   2580  26.370629
      2621  26.692745
      2636  26.050693
      2648  26.241491
      2687  26.678814

[1344 rows x 1 columns]
[ 121  135  145  149  164  178  192  206  220  234  248  262  265  283
  289  304  318  332  346  359  374  411  424  438  452  466  485  507
  513  521  544  569  599  627  653  671  683  690  718  747  775  782
  810  821  843  863  884  906  926  948  963  975 1006 1020 1045 1066
 1075 1101 1111 1125 1152 1171 1193 1215 1244 1269 1304 1336 1368 1410
 1417 1447 1469 1479 1488 1514 1588 1621 1634 1643 1669 1697 1728 1774
 1808 1816 1913 1958 1979 2019 2048 2089 2139 2173 2203 2238 2252 2277
 2327 2358 2396 2424 2453 2480 2502 2529 2572 2580 2621 2636 2648 2687]
(93, 92)
(93, 92)
0 2012-04-30T00:00:00.000000000
1 2012-05-14T00:00:00.000000000
2 2012-05-24T00:00:00.000000000
3 2012-05-28T00:00:00.000000000
4 2012-06-12T00:00:00.000000000
5 2012-06-26T00:00:00.000000000
6 2012-07-10T00:00:00.000000000
7 2012-07-24T00:00:00.000000000
8 2012-08-07T00:00:00.000000000
9 2012-08-21T00:00:00.000000000
10 2012-09-04T00:00:00.000000000
11 2012-09-18T00:00:00.000000000
12 2012-09-21T00:00:00.000000000
13 2012-10-09T00:00:00.000000000
14 2012-10-15T00:00:00.000000000
15 2012-10-30T00:00:00.000000000
16 2012-11-13T00:00:00.000000000
17 2012-11-27T00:00:00.000000000
18 2012-12-11T00:00:00.000000000
19 2012-12-24T00:00:00.000000000
20 2013-01-08T00:00:00.000000000
21 2013-02-14T00:00:00.000000000
22 2013-02-27T00:00:00.000000000
23 2013-03-13T00:00:00.000000000
24 2013-03-27T00:00:00.000000000
25 2013-04-10T00:00:00.000000000
26 2013-04-29T00:00:00.000000000
27 2013-05-21T00:00:00.000000000
28 2013-05-27T00:00:00.000000000
29 2013-06-04T00:00:00.000000000
30 2013-06-27T00:00:00.000000000
31 2013-07-22T00:00:00.000000000
32 2013-08-21T00:00:00.000000000
33 2013-09-18T00:00:00.000000000
34 2013-10-14T00:00:00.000000000
35 2013-11-01T00:00:00.000000000
36 2013-11-13T00:00:00.000000000
37 2013-11-20T00:00:00.000000000
38 2013-12-18T00:00:00.000000000
39 2014-01-16T00:00:00.000000000
40 2014-02-13T00:00:00.000000000
41 2014-02-20T00:00:00.000000000
42 2014-03-20T00:00:00.000000000
43 2014-03-31T00:00:00.000000000
44 2014-04-22T00:00:00.000000000
45 2014-05-12T00:00:00.000000000
46 2014-06-02T00:00:00.000000000
47 2014-06-24T00:00:00.000000000
48 2014-07-14T00:00:00.000000000
49 2014-08-05T00:00:00.000000000
50 2014-08-20T00:00:00.000000000
51 2014-09-01T00:00:00.000000000
52 2014-10-02T00:00:00.000000000
53 2014-10-16T00:00:00.000000000
54 2014-11-10T00:00:00.000000000
55 2014-12-01T00:00:00.000000000
56 2014-12-10T00:00:00.000000000
57 2015-01-05T00:00:00.000000000
58 2015-01-15T00:00:00.000000000
59 2015-01-29T00:00:00.000000000
60 2015-02-25T00:00:00.000000000
61 2015-03-16T00:00:00.000000000
62 2015-04-07T00:00:00.000000000
63 2015-04-29T00:00:00.000000000
64 2015-05-28T00:00:00.000000000
65 2015-06-22T00:00:00.000000000
66 2015-07-27T00:00:00.000000000
67 2015-08-28T00:00:00.000000000
68 2015-09-29T00:00:00.000000000
69 2015-11-10T00:00:00.000000000
70 2015-11-17T00:00:00.000000000
71 2015-12-17T00:00:00.000000000
72 2016-01-08T00:00:00.000000000
73 2016-01-18T00:00:00.000000000
74 2016-01-27T00:00:00.000000000
75 2016-02-22T00:00:00.000000000
76 2016-05-06T00:00:00.000000000
77 2016-06-08T00:00:00.000000000
78 2016-06-21T00:00:00.000000000
79 2016-06-30T00:00:00.000000000
80 2016-07-26T00:00:00.000000000
81 2016-08-23T00:00:00.000000000
82 2016-09-23T00:00:00.000000000
83 2016-11-08T00:00:00.000000000
84 2016-12-12T00:00:00.000000000
85 2016-12-20T00:00:00.000000000
86 2017-03-27T00:00:00.000000000
87 2017-05-11T00:00:00.000000000
88 2017-06-01T00:00:00.000000000
89 2017-07-11T00:00:00.000000000
90 2017-08-09T00:00:00.000000000
91 2017-09-19T00:00:00.000000000
92 2017-11-08T00:00:00.000000000
93 2017-12-12T00:00:00.000000000
94 2018-01-11T00:00:00.000000000
95 2018-02-15T00:00:00.000000000
96 2018-03-01T00:00:00.000000000
97 2018-03-26T00:00:00.000000000
98 2018-05-15T00:00:00.000000000
99 2018-06-15T00:00:00.000000000
100 2018-07-23T00:00:00.000000000
101 2018-08-20T00:00:00.000000000
102 2018-09-18T00:00:00.000000000
103 2018-10-15T00:00:00.000000000
104 2018-11-06T00:00:00.000000000
105 2018-12-03T00:00:00.000000000
106 2019-01-15T00:00:00.000000000
107 2019-01-23T00:00:00.000000000
108 2019-03-05T00:00:00.000000000
109 2019-03-20T00:00:00.000000000
110 2019-04-01T00:00:00.000000000
111 2019-05-10T00:00:00.000000000
[ 367  368  369 ... 2737 2738 2739]
carry on read_cable_var
carry on read_cable_var
carry on read_cable_var
carry on read_cable_var
2013-01-31 23:30:00
2013-01-31 23:30
2013-02-28 23:30:00
2013-02-28 23:30
2013-03-31 23:30:00
2013-03-31 23:30
2013-04-30 23:30:00
2013-04-30 23:30
2013-05-31 23:30:00
2013-05-31 23:30
2013-06-30 23:30:00
2013-06-30 23:30
2013-07-31 23:30:00
2013-07-31 23:30
2013-08-31 23:30:00
2013-08-31 23:30
2013-09-30 23:30:00
2013-09-30 23:30
2013-10-31 23:30:00
2013-10-31 23:30
2013-11-30 23:30:00
2013-11-30 23:30
2013-12-31 23:30:00
2013-12-31 23:30
2014-01-31 23:30:00
2014-01-31 23:30
2014-02-28 23:30:00
2014-02-28 23:30
2014-03-31 23:30:00
2014-03-31 23:30
2014-04-30 23:30:00
2014-04-30 23:30
2014-05-31 23:30:00
2014-05-31 23:30
2014-06-30 23:30:00
2014-06-30 23:30
2014-07-31 23:30:00
2014-07-31 23:30
2014-08-31 23:30:00
2014-08-31 23:30
2014-09-30 23:30:00
2014-09-30 23:30
2014-10-31 23:30:00
2014-10-31 23:30
2014-11-30 23:30:00
2014-11-30 23:30
2014-12-31 23:30:00
2014-12-31 23:30
2015-01-31 23:30:00
2015-01-31 23:30
2015-02-28 23:30:00
2015-02-28 23:30
2015-03-31 23:30:00
2015-03-31 23:30
2015-04-30 23:30:00
2015-04-30 23:30
2015-05-31 23:30:00
2015-05-31 23:30
2015-06-30 23:30:00
2015-06-30 23:30
2015-07-31 23:30:00
2015-07-31 23:30
2015-08-31 23:30:00
2015-08-31 23:30
2015-09-30 23:30:00
2015-09-30 23:30
2015-10-31 23:30:00
2015-10-31 23:30
2015-11-30 23:30:00
2015-11-30 23:30
2015-12-31 23:30:00
2015-12-31 23:30
2016-01-31 23:30:00
2016-01-31 23:30
2016-02-29 23:30:00
2016-02-29 23:30
2016-03-31 23:30:00
2016-03-31 23:30
2016-04-30 23:30:00
2016-04-30 23:30
2016-05-31 23:30:00
2016-05-31 23:30
2016-06-30 23:30:00
2016-06-30 23:30
2016-07-31 23:30:00
2016-07-31 23:30
2016-08-31 23:30:00
2016-08-31 23:30
2016-09-30 23:30:00
2016-09-30 23:30
2016-10-31 23:30:00
2016-10-31 23:30
2016-11-30 23:30:00
2016-11-30 23:30
2016-12-31 23:30:00
2016-12-31 23:30
2017-01-31 23:30:00
2017-01-31 23:30
2017-02-28 23:30:00
2017-02-28 23:30
2017-03-31 23:30:00
2017-03-31 23:30
2017-04-30 23:30:08
2017-04-30 23:30
2017-05-31 23:30:08
2017-05-31 23:30
2017-06-30 23:30:08
2017-06-30 23:30
2017-07-31 23:30:08
2017-07-31 23:30
2017-08-31 23:30:08
2017-08-31 23:30
2017-09-30 23:30:08
2017-09-30 23:30
2017-10-31 23:30:08
2017-10-31 23:30
2017-11-30 23:30:08
2017-11-30 23:30
2017-12-31 23:30:08
2017-12-31 23:30
2018-01-31 23:30:08
2018-01-31 23:30
2018-02-28 23:30:08
2018-02-28 23:30
2018-03-31 23:30:08
2018-03-31 23:30
2018-04-30 23:30:08
2018-04-30 23:30
2018-05-31 23:30:08
2018-05-31 23:30
2018-06-30 23:30:08
2018-06-30 23:30
2018-07-31 23:30:08
2018-07-31 23:30
2018-08-31 23:30:08
2018-08-31 23:30
2018-09-30 23:30:08
2018-09-30 23:30
2018-10-31 23:30:08
2018-10-31 23:30
2018-11-30 23:30:08
2018-11-30 23:30
2018-12-31 23:30:08
2018-12-31 23:30
2019-01-31 23:30:08
2019-01-31 23:30
2019-02-28 23:30:08
2019-02-28 23:30
2019-03-31 23:30:08
2019-03-31 23:30
2019-04-30 23:30:08
2019-04-30 23:30
2019-05-31 23:30:08
2019-05-31 23:30
2019-06-30 23:30:08
2019-06-30 23:30
1
4
2
7
3
10
4
13
5
16
6
19
7
22
8
25
9
28
10
31
11
34
12
37
13
40
14
43
15
46
16
49
17
52
18
55
19
58
20
61
21
64
22
67
23
70
24
73
25
76
Traceback (most recent call last):
  File "./drawing_plots.py", line 52, in <module>
    calc_waterbal(fcbl_def, fcbl_best, "6", "31uni")
  File "/srv/ccrc/data25/z5218916/cable/EucFACE/EucFACE_run/doc/scripts/plot_eucface_waterbal.py", line 179, in calc_waterbal
    df_def.to_csv("EucFACE_def_%s.csv" %(os.path.basename(fcbl_def).split("/")[-2]))
IndexError: list index out of range
